<?xml version="1.0" encoding="UTF-8"?>
<testng-results skipped="0" failed="0" total="1" passed="1">
  <reporter-output>
    <line>
      <![CDATA[[16:01:01:564]: Wait until login form is displayed<br></br>]]>
    </line>
    <line>
      <![CDATA[[16:01:01:634]: Login form enabled and displayed<br></br>]]>
    </line>
    <line>
      <![CDATA[[16:01:01:682]: Input email in an email field<br></br>]]>
    </line>
    <line>
      <![CDATA[[16:01:01:865]: Get email text<br></br>]]>
    </line>
    <line>
      <![CDATA[[16:01:01:895]: Input password in a password field<br></br>]]>
    </line>
    <line>
      <![CDATA[[16:01:02:033]: Get password text<br></br>]]>
    </line>
    <line>
      <![CDATA[[16:01:02:062]: Click on login button<br></br>]]>
    </line>
    <line>
      <![CDATA[[16:01:04:170]: Page title is DataTile<br></br>]]>
    </line>
    <line>
      <![CDATA[[16:01:04:172]: <b>Opening creating dialog for new 'Folder':</b><br></br>]]>
    </line>
    <line>
      <![CDATA[[16:01:04:175]: Waiting for 'CREATE' button<br></br>]]>
    </line>
    <line>
      <![CDATA[[16:01:04:238]: Click on 'CREATE' button<br></br>]]>
    </line>
    <line>
      <![CDATA[[16:01:04:326]: Waiting for drop down list<br></br>]]>
    </line>
    <line>
      <![CDATA[[16:01:04:370]: Wait for visibility of Folder<br></br>]]>
    </line>
    <line>
      <![CDATA[[16:01:05:006]: Wait for 'Folder' option to be clickable<br></br>]]>
    </line>
    <line>
      <![CDATA[[16:01:05:601]: Click on 'Folder' item<br></br>]]>
    </line>
    <line>
      <![CDATA[[16:01:05:741]: Waiting for 'Creating a folder' pop up<br></br>]]>
    </line>
    <line>
      <![CDATA[[16:01:05:840]: Waiting for folder name field<br></br>]]>
    </line>
    <line>
      <![CDATA[[16:01:05:902]: Input Folder name in the field<br></br>]]>
    </line>
    <line>
      <![CDATA[[16:01:06:187]: Click on 'Create' button<br></br>]]>
    </line>
    <line>
      <![CDATA[[16:01:06:647]: Wait for folder to be clickable<br></br>]]>
    </line>
    <line>
      <![CDATA[[16:01:07:220]: Click on folder<br></br>]]>
    </line>
    <line>
      <![CDATA[[16:01:07:379]: Click on folder<br></br>]]>
    </line>
    <line>
      <![CDATA[[16:01:07:598]: Wait for text about folder empty<br></br>]]>
    </line>
    <line>
      <![CDATA[[16:01:07:751]: Wait for text about folder empty<br></br>]]>
    </line>
    <line>
      <![CDATA[[16:01:07:769]: Wait for 'CREATE' button<br></br>]]>
    </line>
    <line>
      <![CDATA[[16:01:07:786]: Click on 'CREATE' button<br></br>]]>
    </line>
    <line>
      <![CDATA[[16:01:07:821]: Waiting for drop down list<br></br>]]>
    </line>
    <line>
      <![CDATA[[16:01:07:851]: Wait for visibility of Database<br></br>]]>
    </line>
    <line>
      <![CDATA[[16:01:08:483]: Wait for 'Database' option to be clickable<br></br>]]>
    </line>
    <line>
      <![CDATA[[16:01:09:096]: Click on 'Database' item<br></br>]]>
    </line>
    <line>
      <![CDATA[[16:01:09:190]: Wait for 'Creating a database' pop up<br></br>]]>
    </line>
    <line>
      <![CDATA[[16:01:09:284]: Wait for Database name field<br></br>]]>
    </line>
    <line>
      <![CDATA[[16:01:09:330]: Upload database from Disk<br></br>]]>
    </line>
    <line>
      <![CDATA[[16:01:09:388]: Get uploaded file's path<br></br>]]>
    </line>
    <line>
      <![CDATA[[16:01:09:427]: Input Folder name in the field<br></br>]]>
    </line>
    <line>
      <![CDATA[[16:01:09:616]: Click on 'Create' button<br></br>]]>
    </line>
    <line>
      <![CDATA[[16:01:09:683]: Wait for visibility of Database for Mayor Elections 2013<br></br>]]>
    </line>
    <line>
      <![CDATA[[16:01:10:154]: Wait for database to be clickable<br></br>]]>
    </line>
    <line>
      <![CDATA[[16:01:10:743]: First click on database<br></br>]]>
    </line>
    <line>
      <![CDATA[[16:01:10:884]: Second click on database<br></br>]]>
    </line>
    <line>
      <![CDATA[[16:01:10:919]: Waiting for DVI variable panel<br></br>]]>
    </line>
    <line>
      <![CDATA[[16:01:21:452]: Waiting for table<br></br>]]>
    </line>
    <line>
      <![CDATA[[16:01:21:539]: Drag gender variable to the column cell<br></br>]]>
    </line>
    <line>
      <![CDATA[[16:01:25:442]: Drag education variable to the row cell<br></br>]]>
    </line>
    <line>
      <![CDATA[[16:01:28:719]: Wait for reset state button visibility<br></br>]]>
    </line>
    <line>
      <![CDATA[[16:01:28:939]: Click on Export To Dashboard button<br></br>]]>
    </line>
    <line>
      <![CDATA[[16:01:29:043]: Waititng for Export To Dashboard pop up<br></br>]]>
    </line>
    <line>
      <![CDATA[[16:01:29:109]: Wait for 'CREATE NEW DASHBOARD' button<br></br>]]>
    </line>
    <line>
      <![CDATA[[16:01:29:146]: Click on 'CREATE NEW DASHBOARD' button<br></br>]]>
    </line>
    <line>
      <![CDATA[[16:01:29:371]: Waiting for Dashboard name field<br></br>]]>
    </line>
    <line>
      <![CDATA[[16:01:29:404]: Inputing Dashboard name<br></br>]]>
    </line>
    <line>
      <![CDATA[[16:01:29:635]: Wait for 'EXPORT' button<br></br>]]>
    </line>
    <line>
      <![CDATA[[16:01:29:671]: Click on 'EXPORT' button<br></br>]]>
    </line>
    <line>
      <![CDATA[[16:01:29:751]: Wait for notification with name of dashboard<br></br>]]>
    </line>
    <line>
      <![CDATA[[16:01:30:105]: Wait for folder to be clickable<br></br>]]>
    </line>
    <line>
      <![CDATA[[16:01:30:696]: Click on My Space link<br></br>]]>
    </line>
    <line>
      <![CDATA[[16:01:31:344]: Wait for My space page<br></br>]]>
    </line>
    <line>
      <![CDATA[[16:01:31:475]: Wait for folder to be clickable<br></br>]]>
    </line>
    <line>
      <![CDATA[[16:01:32:543]: Click on folder<br></br>]]>
    </line>
    <line>
      <![CDATA[[16:01:32:742]: Click on folder<br></br>]]>
    </line>
    <line>
      <![CDATA[[16:01:32:970]: Wait for visibility of Dashboard for Database for Mayor Elections 2013<br></br>]]>
    </line>
    <line>
      <![CDATA[[16:01:33:178]: Wait for visibility of Database for Mayor Elections 2013<br></br>]]>
    </line>
    <line>
      <![CDATA[[16:01:33:237]: Wait for database to be clickable<br></br>]]>
    </line>
    <line>
      <![CDATA[[16:01:33:815]: First click on database<br></br>]]>
    </line>
    <line>
      <![CDATA[[16:01:33:921]: Second click on database<br></br>]]>
    </line>
    <line>
      <![CDATA[[16:01:33:969]: Wait for table<br></br>]]>
    </line>
    <line>
      <![CDATA[[16:01:44:285]: Wait for folder to be clickable<br></br>]]>
    </line>
    <line>
      <![CDATA[[16:01:44:870]: Click on My Space link<br></br>]]>
    </line>
    <line>
      <![CDATA[[16:01:45:499]: Wait for folder to be clickable<br></br>]]>
    </line>
    <line>
      <![CDATA[[16:01:46:718]: Click on folder<br></br>]]>
    </line>
    <line>
      <![CDATA[[16:01:46:822]: Click on basket<br></br>]]>
    </line>
    <line>
      <![CDATA[[16:01:47:576]: Wait for pop up with delete<br></br>]]>
    </line>
    <line>
      <![CDATA[[16:01:47:632]: Wait 'DELETE' button to be clickable<br></br>]]>
    </line>
    <line>
      <![CDATA[[16:01:48:776]: click on DELETE button<br></br>]]>
    </line>
    <line>
      <![CDATA[[16:01:51:949]: Log:Tue Sep 05 16:01:00 EEST 2017 SEVERE http://develop.labs.datatile.eu/api/v2.1/session?anonymous&amp;csrf&amp;fullname&amp;permissions - Failed to load resource: the server responded with a status of 401 ()<br></br>]]>
    </line>
    <line>
      <![CDATA[[16:01:51:950]: Log:Tue Sep 05 16:01:01 EEST 2017 WARNING http://develop.labs.datatile.eu/ - This page includes a password or credit card input in a non-secure context. A warning has been added to the URL bar. For more information, see https://goo.gl/zmWq3m.<br></br>]]>
    </line>
    <line>
      <![CDATA[[16:01:51:950]: Log:Tue Sep 05 16:01:10 EEST 2017 SEVERE http://develop.labs.datatile.eu/index.042f296a.js 16:23246 "TypeError: Cannot read property 'length' of null\n    at http://develop.labs.datatile.eu/index.042f296a.js:33:10607\n    at l (http://develop.labs.datatile.eu/index.042f296a.js:17:30377)\n    at http://develop.labs.datatile.eu/index.042f296a.js:17:30549\n    at h.$eval (http://develop.labs.datatile.eu/index.042f296a.js:18:6067)\n    at h.$digest (http://develop.labs.datatile.eu/index.042f296a.js:18:4575)\n    at h.$apply (http://develop.labs.datatile.eu/index.042f296a.js:18:6350)\n    at o (http://develop.labs.datatile.eu/index.042f296a.js:17:13355)\n    at g (http://develop.labs.datatile.eu/index.042f296a.js:17:15203)\n    at XMLHttpRequest.x (http://develop.labs.datatile.eu/index.042f296a.js:17:15801)"<br></br>]]>
    </line>
    <line>
      <![CDATA[[16:01:51:950]: Log:Tue Sep 05 16:01:48 EEST 2017 WARNING http://develop.labs.datatile.eu/index.042f296a.js 16:23246 "element.scope() is not available when 'debug mode' == false. @see https://docs.angularjs.org/guide/production!"<br></br>]]>
    </line>
    <line>
      <![CDATA[[16:01:51:951]:  * Stopping WebDriver<br></br>]]>
    </line>
    <line>
      <![CDATA[Windows: close app]]>
    </line>
    <line>
      <![CDATA[[16:01:51:951]: stop driver method<br></br>]]>
    </line>
    <line>
      <![CDATA[[16:01:53:623]:  * Stopping WebDriver<br></br>]]>
    </line>
    <line>
      <![CDATA[Windows: close app]]>
    </line>
    <line>
      <![CDATA[[16:01:53:623]: stop driver method<br></br>]]>
    </line>
  </reporter-output>
  <suite name="DataTile - Login tests" duration-ms="59418" started-at="2017-09-05T13:00:54Z" finished-at="2017-09-05T13:01:53Z">
    <groups>
    </groups>
    <test name="UAT-17 DataTiler heart beat check" duration-ms="59418" started-at="2017-09-05T13:00:54Z" finished-at="2017-09-05T13:01:53Z">
      <class name="eu.datatiler.tests.LoginTests">
        <test-method status="PASS" signature="setUp()[pri:0, instance:eu.datatiler.tests.LoginTests@3eb7fc54]" name="setUp" is-config="true" duration-ms="3786" started-at="2017-09-05T16:00:54Z" finished-at="2017-09-05T16:00:57Z">
          <reporter-output>
          </reporter-output>
        </test-method> <!-- setUp -->
        <test-method status="PASS" signature="test()[pri:0, instance:eu.datatiler.tests.LoginTests@3eb7fc54]" name="test" duration-ms="53924" started-at="2017-09-05T16:00:57Z" description="Check export of table to dashboard" finished-at="2017-09-05T16:01:51Z">
          <reporter-output>
            <line>
              <![CDATA[[16:01:01:564]: Wait until login form is displayed<br></br>]]>
            </line>
            <line>
              <![CDATA[[16:01:01:634]: Login form enabled and displayed<br></br>]]>
            </line>
            <line>
              <![CDATA[[16:01:01:682]: Input email in an email field<br></br>]]>
            </line>
            <line>
              <![CDATA[[16:01:01:865]: Get email text<br></br>]]>
            </line>
            <line>
              <![CDATA[[16:01:01:895]: Input password in a password field<br></br>]]>
            </line>
            <line>
              <![CDATA[[16:01:02:033]: Get password text<br></br>]]>
            </line>
            <line>
              <![CDATA[[16:01:02:062]: Click on login button<br></br>]]>
            </line>
            <line>
              <![CDATA[[16:01:04:170]: Page title is DataTile<br></br>]]>
            </line>
            <line>
              <![CDATA[[16:01:04:172]: <b>Opening creating dialog for new 'Folder':</b><br></br>]]>
            </line>
            <line>
              <![CDATA[[16:01:04:175]: Waiting for 'CREATE' button<br></br>]]>
            </line>
            <line>
              <![CDATA[[16:01:04:238]: Click on 'CREATE' button<br></br>]]>
            </line>
            <line>
              <![CDATA[[16:01:04:326]: Waiting for drop down list<br></br>]]>
            </line>
            <line>
              <![CDATA[[16:01:04:370]: Wait for visibility of Folder<br></br>]]>
            </line>
            <line>
              <![CDATA[[16:01:05:006]: Wait for 'Folder' option to be clickable<br></br>]]>
            </line>
            <line>
              <![CDATA[[16:01:05:601]: Click on 'Folder' item<br></br>]]>
            </line>
            <line>
              <![CDATA[[16:01:05:741]: Waiting for 'Creating a folder' pop up<br></br>]]>
            </line>
            <line>
              <![CDATA[[16:01:05:840]: Waiting for folder name field<br></br>]]>
            </line>
            <line>
              <![CDATA[[16:01:05:902]: Input Folder name in the field<br></br>]]>
            </line>
            <line>
              <![CDATA[[16:01:06:187]: Click on 'Create' button<br></br>]]>
            </line>
            <line>
              <![CDATA[[16:01:06:647]: Wait for folder to be clickable<br></br>]]>
            </line>
            <line>
              <![CDATA[[16:01:07:220]: Click on folder<br></br>]]>
            </line>
            <line>
              <![CDATA[[16:01:07:379]: Click on folder<br></br>]]>
            </line>
            <line>
              <![CDATA[[16:01:07:598]: Wait for text about folder empty<br></br>]]>
            </line>
            <line>
              <![CDATA[[16:01:07:751]: Wait for text about folder empty<br></br>]]>
            </line>
            <line>
              <![CDATA[[16:01:07:769]: Wait for 'CREATE' button<br></br>]]>
            </line>
            <line>
              <![CDATA[[16:01:07:786]: Click on 'CREATE' button<br></br>]]>
            </line>
            <line>
              <![CDATA[[16:01:07:821]: Waiting for drop down list<br></br>]]>
            </line>
            <line>
              <![CDATA[[16:01:07:851]: Wait for visibility of Database<br></br>]]>
            </line>
            <line>
              <![CDATA[[16:01:08:483]: Wait for 'Database' option to be clickable<br></br>]]>
            </line>
            <line>
              <![CDATA[[16:01:09:096]: Click on 'Database' item<br></br>]]>
            </line>
            <line>
              <![CDATA[[16:01:09:190]: Wait for 'Creating a database' pop up<br></br>]]>
            </line>
            <line>
              <![CDATA[[16:01:09:284]: Wait for Database name field<br></br>]]>
            </line>
            <line>
              <![CDATA[[16:01:09:330]: Upload database from Disk<br></br>]]>
            </line>
            <line>
              <![CDATA[[16:01:09:388]: Get uploaded file's path<br></br>]]>
            </line>
            <line>
              <![CDATA[[16:01:09:427]: Input Folder name in the field<br></br>]]>
            </line>
            <line>
              <![CDATA[[16:01:09:616]: Click on 'Create' button<br></br>]]>
            </line>
            <line>
              <![CDATA[[16:01:09:683]: Wait for visibility of Database for Mayor Elections 2013<br></br>]]>
            </line>
            <line>
              <![CDATA[[16:01:10:154]: Wait for database to be clickable<br></br>]]>
            </line>
            <line>
              <![CDATA[[16:01:10:743]: First click on database<br></br>]]>
            </line>
            <line>
              <![CDATA[[16:01:10:884]: Second click on database<br></br>]]>
            </line>
            <line>
              <![CDATA[[16:01:10:919]: Waiting for DVI variable panel<br></br>]]>
            </line>
            <line>
              <![CDATA[[16:01:21:452]: Waiting for table<br></br>]]>
            </line>
            <line>
              <![CDATA[[16:01:21:539]: Drag gender variable to the column cell<br></br>]]>
            </line>
            <line>
              <![CDATA[[16:01:25:442]: Drag education variable to the row cell<br></br>]]>
            </line>
            <line>
              <![CDATA[[16:01:28:719]: Wait for reset state button visibility<br></br>]]>
            </line>
            <line>
              <![CDATA[[16:01:28:939]: Click on Export To Dashboard button<br></br>]]>
            </line>
            <line>
              <![CDATA[[16:01:29:043]: Waititng for Export To Dashboard pop up<br></br>]]>
            </line>
            <line>
              <![CDATA[[16:01:29:109]: Wait for 'CREATE NEW DASHBOARD' button<br></br>]]>
            </line>
            <line>
              <![CDATA[[16:01:29:146]: Click on 'CREATE NEW DASHBOARD' button<br></br>]]>
            </line>
            <line>
              <![CDATA[[16:01:29:371]: Waiting for Dashboard name field<br></br>]]>
            </line>
            <line>
              <![CDATA[[16:01:29:404]: Inputing Dashboard name<br></br>]]>
            </line>
            <line>
              <![CDATA[[16:01:29:635]: Wait for 'EXPORT' button<br></br>]]>
            </line>
            <line>
              <![CDATA[[16:01:29:671]: Click on 'EXPORT' button<br></br>]]>
            </line>
            <line>
              <![CDATA[[16:01:29:751]: Wait for notification with name of dashboard<br></br>]]>
            </line>
            <line>
              <![CDATA[[16:01:30:105]: Wait for folder to be clickable<br></br>]]>
            </line>
            <line>
              <![CDATA[[16:01:30:696]: Click on My Space link<br></br>]]>
            </line>
            <line>
              <![CDATA[[16:01:31:344]: Wait for My space page<br></br>]]>
            </line>
            <line>
              <![CDATA[[16:01:31:475]: Wait for folder to be clickable<br></br>]]>
            </line>
            <line>
              <![CDATA[[16:01:32:543]: Click on folder<br></br>]]>
            </line>
            <line>
              <![CDATA[[16:01:32:742]: Click on folder<br></br>]]>
            </line>
            <line>
              <![CDATA[[16:01:32:970]: Wait for visibility of Dashboard for Database for Mayor Elections 2013<br></br>]]>
            </line>
            <line>
              <![CDATA[[16:01:33:178]: Wait for visibility of Database for Mayor Elections 2013<br></br>]]>
            </line>
            <line>
              <![CDATA[[16:01:33:237]: Wait for database to be clickable<br></br>]]>
            </line>
            <line>
              <![CDATA[[16:01:33:815]: First click on database<br></br>]]>
            </line>
            <line>
              <![CDATA[[16:01:33:921]: Second click on database<br></br>]]>
            </line>
            <line>
              <![CDATA[[16:01:33:969]: Wait for table<br></br>]]>
            </line>
            <line>
              <![CDATA[[16:01:44:285]: Wait for folder to be clickable<br></br>]]>
            </line>
            <line>
              <![CDATA[[16:01:44:870]: Click on My Space link<br></br>]]>
            </line>
            <line>
              <![CDATA[[16:01:45:499]: Wait for folder to be clickable<br></br>]]>
            </line>
            <line>
              <![CDATA[[16:01:46:718]: Click on folder<br></br>]]>
            </line>
            <line>
              <![CDATA[[16:01:46:822]: Click on basket<br></br>]]>
            </line>
            <line>
              <![CDATA[[16:01:47:576]: Wait for pop up with delete<br></br>]]>
            </line>
            <line>
              <![CDATA[[16:01:47:632]: Wait 'DELETE' button to be clickable<br></br>]]>
            </line>
            <line>
              <![CDATA[[16:01:48:776]: click on DELETE button<br></br>]]>
            </line>
          </reporter-output>
        </test-method> <!-- test -->
        <test-method status="PASS" signature="savingLog(java.lang.reflect.Method)[pri:0, instance:eu.datatiler.tests.LoginTests@3eb7fc54]" name="savingLog" is-config="true" duration-ms="1699" started-at="2017-09-05T16:01:51Z" finished-at="2017-09-05T16:01:53Z">
          <params>
            <param index="0">
              <value>
                <![CDATA[public void eu.datatiler.tests.LoginTests.test()]]>
              </value>
            </param>
          </params>
          <reporter-output>
            <line>
              <![CDATA[[16:01:51:949]: Log:Tue Sep 05 16:01:00 EEST 2017 SEVERE http://develop.labs.datatile.eu/api/v2.1/session?anonymous&amp;csrf&amp;fullname&amp;permissions - Failed to load resource: the server responded with a status of 401 ()<br></br>]]>
            </line>
            <line>
              <![CDATA[[16:01:51:950]: Log:Tue Sep 05 16:01:01 EEST 2017 WARNING http://develop.labs.datatile.eu/ - This page includes a password or credit card input in a non-secure context. A warning has been added to the URL bar. For more information, see https://goo.gl/zmWq3m.<br></br>]]>
            </line>
            <line>
              <![CDATA[[16:01:51:950]: Log:Tue Sep 05 16:01:10 EEST 2017 SEVERE http://develop.labs.datatile.eu/index.042f296a.js 16:23246 "TypeError: Cannot read property 'length' of null\n    at http://develop.labs.datatile.eu/index.042f296a.js:33:10607\n    at l (http://develop.labs.datatile.eu/index.042f296a.js:17:30377)\n    at http://develop.labs.datatile.eu/index.042f296a.js:17:30549\n    at h.$eval (http://develop.labs.datatile.eu/index.042f296a.js:18:6067)\n    at h.$digest (http://develop.labs.datatile.eu/index.042f296a.js:18:4575)\n    at h.$apply (http://develop.labs.datatile.eu/index.042f296a.js:18:6350)\n    at o (http://develop.labs.datatile.eu/index.042f296a.js:17:13355)\n    at g (http://develop.labs.datatile.eu/index.042f296a.js:17:15203)\n    at XMLHttpRequest.x (http://develop.labs.datatile.eu/index.042f296a.js:17:15801)"<br></br>]]>
            </line>
            <line>
              <![CDATA[[16:01:51:950]: Log:Tue Sep 05 16:01:48 EEST 2017 WARNING http://develop.labs.datatile.eu/index.042f296a.js 16:23246 "element.scope() is not available when 'debug mode' == false. @see https://docs.angularjs.org/guide/production!"<br></br>]]>
            </line>
            <line>
              <![CDATA[[16:01:51:951]:  * Stopping WebDriver<br></br>]]>
            </line>
            <line>
              <![CDATA[Windows: close app]]>
            </line>
            <line>
              <![CDATA[[16:01:51:951]: stop driver method<br></br>]]>
            </line>
          </reporter-output>
        </test-method> <!-- savingLog -->
        <test-method status="PASS" signature="tearDown()[pri:0, instance:eu.datatiler.tests.LoginTests@3eb7fc54]" name="tearDown" is-config="true" duration-ms="1" started-at="2017-09-05T16:01:53Z" finished-at="2017-09-05T16:01:53Z">
          <reporter-output>
            <line>
              <![CDATA[[16:01:53:623]:  * Stopping WebDriver<br></br>]]>
            </line>
            <line>
              <![CDATA[Windows: close app]]>
            </line>
            <line>
              <![CDATA[[16:01:53:623]: stop driver method<br></br>]]>
            </line>
          </reporter-output>
        </test-method> <!-- tearDown -->
      </class> <!-- eu.datatiler.tests.LoginTests -->
    </test> <!-- UAT-17 DataTiler heart beat check -->
  </suite> <!-- DataTile - Login tests -->
</testng-results>
